00:29:11.687 [main] INFO  testCases.TC003_LoginDDT - ****started****
00:29:33.101 [main] INFO  testCases.TC003_LoginDDT - ***finished***
00:29:33.101 [main] INFO  testCases.TC003_LoginDDT - ****started****
00:29:33.245 [main] INFO  testCases.TC003_LoginDDT - ***finished***
00:29:33.253 [main] INFO  testCases.TC003_LoginDDT - ****started****
00:29:54.930 [main] INFO  testCases.TC003_LoginDDT - ***finished***
00:29:54.943 [main] INFO  testCases.TC003_LoginDDT - ****started****
00:29:54.979 [main] INFO  testCases.TC003_LoginDDT - ***finished***
00:29:54.987 [main] INFO  testCases.TC003_LoginDDT - ****started****
00:29:57.716 [main] INFO  testCases.TC003_LoginDDT - ***finished***
00:29:57.730 [main] INFO  testCases.TC003_LoginDDT - ****started****
00:29:57.976 [main] INFO  testCases.TC003_LoginDDT - ***finished***
00:29:57.982 [main] INFO  testCases.TC003_LoginDDT - ****started****
00:29:59.981 [main] INFO  testCases.TC003_LoginDDT - ***finished***
00:30:00.430 [main] INFO  testCases.TC003_LoginDDT - ***finished***
00:35:54.440 [main] INFO  testCases.TC002_LoginTest - ***starting***
00:35:55.735 [main] INFO  testCases.TC002_LoginTest - ***starting***
10:15:48.415 [main] INFO  testCases.TC002_LoginTest - ***starting***
10:15:55.017 [main] INFO  testCases.TC002_LoginTest - ***starting***
11:02:42.532 [main] INFO  testCases.TC002_LoginTest - ***starting***
11:02:42.698 [main] INFO  testCases.TC002_LoginTest - ***starting***
11:03:55.885 [main] INFO  testCases.TC002_LoginTest - ***starting***
11:03:55.887 [main] INFO  testCases.TC002_LoginTest - ***starting***
11:48:55.987 [main] INFO  testCases.TC002_LoginTest - ***starting***
11:49:19.501 [main] INFO  testCases.TC002_LoginTest - ***starting***
11:50:23.983 [main] INFO  testCases.TC001_AccountRegistrationTest1 - starting
11:50:24.089 [main] INFO  testCases.TC001_AccountRegistrationTest1 - cliked my account
11:50:24.126 [main] INFO  testCases.TC001_AccountRegistrationTest1 - starting
11:50:24.231 [main] INFO  testCases.TC001_AccountRegistrationTest1 - cliked my account
11:50:25.073 [main] INFO  testCases.TC001_AccountRegistrationTest1 - clickedmyregister
11:50:25.074 [main] INFO  testCases.TC001_AccountRegistrationTest1 - providing details
11:50:25.147 [main] INFO  testCases.TC001_AccountRegistrationTest1 - clickedmyregister
11:50:25.149 [main] INFO  testCases.TC001_AccountRegistrationTest1 - providing details
11:50:26.693 [main] ERROR testCases.TC001_AccountRegistrationTest1 - test failed
11:50:26.693 [main] INFO  testCases.TC001_AccountRegistrationTest1 - ending
11:50:27.231 [main] ERROR testCases.TC001_AccountRegistrationTest1 - test failed
11:50:27.234 [main] INFO  testCases.TC001_AccountRegistrationTest1 - ending
12:52:53.734 [main] INFO  testCases.TC001_AccountRegistrationTest1 - starting
12:52:53.853 [main] INFO  testCases.TC001_AccountRegistrationTest1 - cliked my account
12:52:54.769 [main] INFO  testCases.TC001_AccountRegistrationTest1 - clickedmyregister
12:52:54.769 [main] INFO  testCases.TC001_AccountRegistrationTest1 - providing details
12:52:56.131 [main] ERROR testCases.TC001_AccountRegistrationTest1 - test failed
12:52:56.131 [main] INFO  testCases.TC001_AccountRegistrationTest1 - ending
12:53:04.270 [main] INFO  testCases.TC002_LoginTest - ***starting***
12:53:04.745 [main] INFO  testCases.TC001_AccountRegistrationTest1 - starting
12:53:04.908 [main] INFO  testCases.TC001_AccountRegistrationTest1 - cliked my account
12:53:05.954 [main] INFO  testCases.TC001_AccountRegistrationTest1 - clickedmyregister
12:53:05.954 [main] INFO  testCases.TC001_AccountRegistrationTest1 - providing details
12:53:07.291 [main] ERROR testCases.TC001_AccountRegistrationTest1 - test failed
12:53:07.293 [main] INFO  testCases.TC001_AccountRegistrationTest1 - ending
12:53:08.907 [main] INFO  testCases.TC002_LoginTest - ***ending***
12:53:14.861 [main] INFO  testCases.TC002_LoginTest - ***starting***
12:53:19.364 [main] INFO  testCases.TC002_LoginTest - ***ending***
12:54:10.359 [main] INFO  testCases.TC001_AccountRegistrationTest1 - starting
12:54:10.476 [main] INFO  testCases.TC001_AccountRegistrationTest1 - cliked my account
12:54:10.488 [main] INFO  testCases.TC001_AccountRegistrationTest1 - starting
12:54:10.602 [main] INFO  testCases.TC001_AccountRegistrationTest1 - cliked my account
12:54:11.439 [main] INFO  testCases.TC001_AccountRegistrationTest1 - clickedmyregister
12:54:11.439 [main] INFO  testCases.TC001_AccountRegistrationTest1 - providing details
12:54:11.670 [main] INFO  testCases.TC001_AccountRegistrationTest1 - clickedmyregister
12:54:11.670 [main] INFO  testCases.TC001_AccountRegistrationTest1 - providing details
12:54:13.136 [main] ERROR testCases.TC001_AccountRegistrationTest1 - test failed
12:54:13.138 [main] INFO  testCases.TC001_AccountRegistrationTest1 - ending
12:54:13.336 [main] ERROR testCases.TC001_AccountRegistrationTest1 - test failed
12:54:13.340 [main] INFO  testCases.TC001_AccountRegistrationTest1 - ending
12:54:21.588 [main] INFO  testCases.TC002_LoginTest - ***starting***
12:54:21.655 [main] INFO  testCases.TC002_LoginTest - ***starting***
12:54:26.315 [main] INFO  testCases.TC002_LoginTest - ***ending***
12:54:26.495 [main] INFO  testCases.TC002_LoginTest - ***ending***
