10:34:51.475 [TestNG-tests-3] INFO  testCases.TC001_AccountRegistrationTest1 - clickedmyregister
10:34:51.590 [TestNG-tests-3] INFO  testCases.TC001_AccountRegistrationTest1 - providing details
10:34:53.566 [TestNG-tests-2] INFO  testCases.TC001_AccountRegistrationTest1 - starting
10:34:53.756 [TestNG-tests-3] ERROR testCases.TC001_AccountRegistrationTest1 - test failed
10:34:53.757 [TestNG-tests-3] DEBUG testCases.TC001_AccountRegistrationTest1 - debug fail
10:34:53.757 [TestNG-tests-3] INFO  testCases.TC001_AccountRegistrationTest1 - ending
10:34:53.859 [TestNG-tests-2] INFO  testCases.TC001_AccountRegistrationTest1 - cliked my account
10:34:54.533 [TestNG-tests-2] INFO  testCases.TC001_AccountRegistrationTest1 - clickedmyregister
10:34:54.533 [TestNG-tests-2] INFO  testCases.TC001_AccountRegistrationTest1 - providing details
10:34:56.219 [TestNG-tests-2] ERROR testCases.TC001_AccountRegistrationTest1 - test failed
10:34:56.219 [TestNG-tests-2] DEBUG testCases.TC001_AccountRegistrationTest1 - debug fail
10:34:56.219 [TestNG-tests-2] INFO  testCases.TC001_AccountRegistrationTest1 - ending
11:06:34.002 [main] INFO  testCases.TC001_AccountRegistrationTest1 - starting
11:06:34.107 [main] INFO  testCases.TC001_AccountRegistrationTest1 - starting
11:06:34.194 [main] INFO  testCases.TC001_AccountRegistrationTest1 - cliked my account
11:06:34.329 [main] INFO  testCases.TC001_AccountRegistrationTest1 - cliked my account
11:06:34.632 [main] INFO  testCases.TC001_AccountRegistrationTest1 - clickedmyregister
11:06:34.632 [main] INFO  testCases.TC001_AccountRegistrationTest1 - providing details
11:06:34.944 [main] INFO  testCases.TC001_AccountRegistrationTest1 - clickedmyregister
11:06:34.944 [main] INFO  testCases.TC001_AccountRegistrationTest1 - providing details
11:06:36.047 [main] ERROR testCases.TC001_AccountRegistrationTest1 - test failed
11:06:36.048 [main] DEBUG testCases.TC001_AccountRegistrationTest1 - debug fail
11:06:36.048 [main] INFO  testCases.TC001_AccountRegistrationTest1 - ending
11:06:36.492 [main] ERROR testCases.TC001_AccountRegistrationTest1 - test failed
11:06:36.492 [main] DEBUG testCases.TC001_AccountRegistrationTest1 - debug fail
11:06:36.492 [main] INFO  testCases.TC001_AccountRegistrationTest1 - ending
14:21:53.592 [main] INFO  testCases.TC001_AccountRegistrationTest1 - starting
14:21:53.896 [main] INFO  testCases.TC001_AccountRegistrationTest1 - cliked my account
14:21:54.332 [main] INFO  testCases.TC001_AccountRegistrationTest1 - clickedmyregister
14:21:54.333 [main] INFO  testCases.TC001_AccountRegistrationTest1 - providing details
14:21:55.516 [main] ERROR testCases.TC001_AccountRegistrationTest1 - test failed
14:21:55.516 [main] DEBUG testCases.TC001_AccountRegistrationTest1 - debug fail
14:21:55.518 [main] INFO  testCases.TC001_AccountRegistrationTest1 - ending
14:25:50.423 [main] INFO  testCases.TC001_AccountRegistrationTest1 - starting
14:25:50.466 [main] INFO  testCases.TC001_AccountRegistrationTest1 - starting
14:25:50.590 [main] INFO  testCases.TC001_AccountRegistrationTest1 - cliked my account
14:25:50.709 [main] INFO  testCases.TC001_AccountRegistrationTest1 - cliked my account
14:25:51.063 [main] INFO  testCases.TC001_AccountRegistrationTest1 - clickedmyregister
14:25:51.064 [main] INFO  testCases.TC001_AccountRegistrationTest1 - providing details
14:25:51.349 [main] INFO  testCases.TC001_AccountRegistrationTest1 - clickedmyregister
14:25:51.349 [main] INFO  testCases.TC001_AccountRegistrationTest1 - providing details
14:25:52.656 [main] ERROR testCases.TC001_AccountRegistrationTest1 - test failed
14:25:52.664 [main] DEBUG testCases.TC001_AccountRegistrationTest1 - debug fail
14:25:52.664 [main] INFO  testCases.TC001_AccountRegistrationTest1 - ending
14:25:53.180 [main] ERROR testCases.TC001_AccountRegistrationTest1 - test failed
14:25:53.180 [main] DEBUG testCases.TC001_AccountRegistrationTest1 - debug fail
14:25:53.183 [main] INFO  testCases.TC001_AccountRegistrationTest1 - ending
14:26:49.709 [main] INFO  testCases.TC001_AccountRegistrationTest1 - starting
14:26:49.822 [main] INFO  testCases.TC001_AccountRegistrationTest1 - cliked my account
14:26:50.255 [main] INFO  testCases.TC001_AccountRegistrationTest1 - clickedmyregister
14:26:50.255 [main] INFO  testCases.TC001_AccountRegistrationTest1 - providing details
14:26:51.493 [main] ERROR testCases.TC001_AccountRegistrationTest1 - test failed
14:26:51.493 [main] DEBUG testCases.TC001_AccountRegistrationTest1 - debug fail
14:26:51.494 [main] INFO  testCases.TC001_AccountRegistrationTest1 - ending
14:34:43.970 [main] INFO  testCases.TC002_LoginTest - ***starting***
14:34:45.574 [main] INFO  testCases.TC002_LoginTest - ***ending***
14:35:36.599 [main] INFO  testCases.TC002_LoginTest - ***starting***
14:35:38.380 [main] INFO  testCases.TC002_LoginTest - ***ending***
14:36:49.172 [main] INFO  testCases.TC001_AccountRegistrationTest1 - starting
14:36:49.269 [main] INFO  testCases.TC001_AccountRegistrationTest1 - cliked my account
