14:36:50.702 [main] INFO  testCases.TC001_AccountRegistrationTest1 - clickedmyregister
14:36:50.707 [main] INFO  testCases.TC001_AccountRegistrationTest1 - providing details
14:36:51.910 [main] ERROR testCases.TC001_AccountRegistrationTest1 - test failed
14:36:51.910 [main] DEBUG testCases.TC001_AccountRegistrationTest1 - debug fail
14:36:51.912 [main] INFO  testCases.TC001_AccountRegistrationTest1 - ending
14:36:56.469 [main] INFO  testCases.TC002_LoginTest - ***starting***
14:36:57.746 [main] INFO  testCases.TC002_LoginTest - ***ending***
12:20:15.521 [main] INFO  testCases.TC001_AccountRegistrationTest1 - starting
12:20:15.659 [main] INFO  testCases.TC001_AccountRegistrationTest1 - starting
12:20:15.804 [main] INFO  testCases.TC001_AccountRegistrationTest1 - cliked my account
12:20:15.978 [main] INFO  testCases.TC001_AccountRegistrationTest1 - cliked my account
12:20:16.322 [main] INFO  testCases.TC001_AccountRegistrationTest1 - clickedmyregister
12:20:16.323 [main] INFO  testCases.TC001_AccountRegistrationTest1 - providing details
12:20:16.743 [main] INFO  testCases.TC001_AccountRegistrationTest1 - clickedmyregister
12:20:16.744 [main] INFO  testCases.TC001_AccountRegistrationTest1 - providing details
12:20:18.162 [main] ERROR testCases.TC001_AccountRegistrationTest1 - test failed
12:20:18.162 [main] DEBUG testCases.TC001_AccountRegistrationTest1 - debug fail
12:20:18.162 [main] INFO  testCases.TC001_AccountRegistrationTest1 - ending
12:20:18.527 [main] ERROR testCases.TC001_AccountRegistrationTest1 - test failed
12:20:18.527 [main] DEBUG testCases.TC001_AccountRegistrationTest1 - debug fail
12:20:18.528 [main] INFO  testCases.TC001_AccountRegistrationTest1 - ending
12:22:37.327 [main] INFO  testCases.TC001_AccountRegistrationTest1 - starting
12:22:37.566 [main] INFO  testCases.TC001_AccountRegistrationTest1 - cliked my account
12:22:38.007 [main] INFO  testCases.TC001_AccountRegistrationTest1 - clickedmyregister
12:22:38.008 [main] INFO  testCases.TC001_AccountRegistrationTest1 - providing details
12:22:38.420 [main] INFO  testCases.TC001_AccountRegistrationTest1 - starting
12:22:38.815 [main] INFO  testCases.TC001_AccountRegistrationTest1 - cliked my account
12:22:39.258 [main] INFO  testCases.TC001_AccountRegistrationTest1 - clickedmyregister
12:22:39.259 [main] INFO  testCases.TC001_AccountRegistrationTest1 - providing details
12:22:40.139 [main] ERROR testCases.TC001_AccountRegistrationTest1 - test failed
12:22:40.139 [main] DEBUG testCases.TC001_AccountRegistrationTest1 - debug fail
12:22:40.142 [main] INFO  testCases.TC001_AccountRegistrationTest1 - ending
12:22:41.199 [main] ERROR testCases.TC001_AccountRegistrationTest1 - test failed
12:22:41.199 [main] DEBUG testCases.TC001_AccountRegistrationTest1 - debug fail
12:22:41.202 [main] INFO  testCases.TC001_AccountRegistrationTest1 - ending
17:25:29.721 [main] INFO  testCases.TC001_AccountRegistrationTest1 - starting
17:25:29.828 [main] INFO  testCases.TC001_AccountRegistrationTest1 - cliked my account
17:25:29.879 [main] INFO  testCases.TC001_AccountRegistrationTest1 - starting
17:25:30.024 [main] INFO  testCases.TC001_AccountRegistrationTest1 - cliked my account
17:25:31.149 [main] INFO  testCases.TC001_AccountRegistrationTest1 - clickedmyregister
17:25:31.150 [main] INFO  testCases.TC001_AccountRegistrationTest1 - providing details
17:25:31.370 [main] INFO  testCases.TC001_AccountRegistrationTest1 - clickedmyregister
17:25:31.370 [main] INFO  testCases.TC001_AccountRegistrationTest1 - providing details
17:25:32.819 [main] ERROR testCases.TC001_AccountRegistrationTest1 - test failed
17:25:32.819 [main] DEBUG testCases.TC001_AccountRegistrationTest1 - debug fail
17:25:32.821 [main] INFO  testCases.TC001_AccountRegistrationTest1 - ending
17:25:33.041 [main] ERROR testCases.TC001_AccountRegistrationTest1 - test failed
17:25:33.041 [main] DEBUG testCases.TC001_AccountRegistrationTest1 - debug fail
17:25:33.044 [main] INFO  testCases.TC001_AccountRegistrationTest1 - ending
17:25:40.540 [main] INFO  testCases.TC002_LoginTest - ***starting***
17:25:40.644 [main] INFO  testCases.TC002_LoginTest - ***starting***
17:26:51.080 [main] INFO  testCases.TC002_LoginTest - ***starting***
17:26:51.281 [main] INFO  testCases.TC002_LoginTest - ***starting***
17:30:31.735 [main] INFO  testCases.TC002_LoginTest - ***starting***
17:30:32.006 [main] INFO  testCases.TC002_LoginTest - ***starting***
17:31:50.555 [main] INFO  testCases.TC002_LoginTest - ***starting***
17:35:01.325 [main] INFO  testCases.TC002_LoginTest - ***starting***
17:36:09.320 [main] INFO  testCases.TC002_LoginTest - ***starting***
17:36:34.782 [main] INFO  testCases.TC002_LoginTest - ***starting***
17:38:15.023 [main] INFO  testCases.TC002_LoginTest - ***starting***
17:38:15.918 [main] INFO  testCases.TC002_LoginTest - ***starting***
17:38:21.054 [main] INFO  testCases.TC002_LoginTest - ***ending***
17:38:21.373 [main] INFO  testCases.TC002_LoginTest - ***ending***
