12:57:28.367 [main] INFO  testCases.TC001_AccountRegistrationTest1 - starting
12:57:28.462 [main] INFO  testCases.TC001_AccountRegistrationTest1 - cliked my account
12:57:29.334 [main] INFO  testCases.TC001_AccountRegistrationTest1 - clickedmyregister
12:57:29.335 [main] INFO  testCases.TC001_AccountRegistrationTest1 - providing details
12:57:30.592 [main] ERROR testCases.TC001_AccountRegistrationTest1 - test failed
12:57:30.595 [main] INFO  testCases.TC001_AccountRegistrationTest1 - ending
12:57:39.451 [main] INFO  testCases.TC002_LoginTest - ***starting***
13:10:17.340 [main] INFO  testCases.TC002_LoginTest - ***starting***
13:10:21.910 [main] INFO  testCases.TC002_LoginTest - ***ending***
13:10:28.312 [main] INFO  testCases.TC002_LoginTest - ***starting***
13:10:33.366 [main] INFO  testCases.TC002_LoginTest - ***ending***
13:14:15.064 [main] INFO  testCases.TC001_AccountRegistrationTest1 - starting
13:14:15.132 [main] INFO  testCases.TC001_AccountRegistrationTest1 - starting
13:14:15.158 [main] INFO  testCases.TC001_AccountRegistrationTest1 - cliked my account
13:14:15.269 [main] INFO  testCases.TC001_AccountRegistrationTest1 - cliked my account
13:14:16.141 [main] INFO  testCases.TC001_AccountRegistrationTest1 - clickedmyregister
13:14:16.143 [main] INFO  testCases.TC001_AccountRegistrationTest1 - providing details
13:14:16.225 [main] INFO  testCases.TC001_AccountRegistrationTest1 - clickedmyregister
13:14:16.225 [main] INFO  testCases.TC001_AccountRegistrationTest1 - providing details
13:14:17.924 [main] ERROR testCases.TC001_AccountRegistrationTest1 - test failed
13:14:18.113 [main] ERROR testCases.TC001_AccountRegistrationTest1 - test failed
13:14:26.584 [main] INFO  testCases.TC002_LoginTest - ***starting***
13:14:26.848 [main] INFO  testCases.TC002_LoginTest - ***starting***
13:14:31.279 [main] INFO  testCases.TC002_LoginTest - ***ending***
13:14:31.488 [main] INFO  testCases.TC002_LoginTest - ***ending***
13:16:47.950 [main] INFO  testCases.TC001_AccountRegistrationTest1 - starting
13:16:47.982 [main] INFO  testCases.TC001_AccountRegistrationTest1 - starting
13:16:48.083 [main] INFO  testCases.TC001_AccountRegistrationTest1 - cliked my account
13:16:48.129 [main] INFO  testCases.TC001_AccountRegistrationTest1 - cliked my account
13:16:49.060 [main] INFO  testCases.TC001_AccountRegistrationTest1 - clickedmyregister
13:16:49.062 [main] INFO  testCases.TC001_AccountRegistrationTest1 - providing details
13:16:49.123 [main] INFO  testCases.TC001_AccountRegistrationTest1 - clickedmyregister
13:16:49.124 [main] INFO  testCases.TC001_AccountRegistrationTest1 - providing details
13:16:50.796 [main] ERROR testCases.TC001_AccountRegistrationTest1 - test failed
13:16:50.798 [main] INFO  testCases.TC001_AccountRegistrationTest1 - ending
13:16:51.002 [main] ERROR testCases.TC001_AccountRegistrationTest1 - test failed
13:16:51.005 [main] INFO  testCases.TC001_AccountRegistrationTest1 - ending
15:20:47.047 [main] INFO  testCases.TC001_AccountRegistrationTest1 - starting
15:20:47.214 [main] INFO  testCases.TC001_AccountRegistrationTest1 - cliked my account
15:20:48.267 [main] INFO  testCases.TC001_AccountRegistrationTest1 - clickedmyregister
15:20:48.267 [main] INFO  testCases.TC001_AccountRegistrationTest1 - providing details
15:20:49.914 [main] ERROR testCases.TC001_AccountRegistrationTest1 - test failed
15:20:49.920 [main] INFO  testCases.TC001_AccountRegistrationTest1 - ending
15:20:56.313 [main] INFO  testCases.TC002_LoginTest - ***starting***
15:21:01.246 [main] INFO  testCases.TC002_LoginTest - ***ending***
15:21:08.669 [main] INFO  testCases.TC003_LoginDDT - ****started****
15:21:30.018 [main] INFO  testCases.TC003_LoginDDT - ***finished***
15:21:30.021 [main] INFO  testCases.TC003_LoginDDT - ****started****
15:21:51.224 [main] INFO  testCases.TC003_LoginDDT - ***finished***
15:21:51.227 [main] INFO  testCases.TC003_LoginDDT - ****started****
15:22:12.605 [main] INFO  testCases.TC003_LoginDDT - ***finished***
15:22:12.608 [main] INFO  testCases.TC003_LoginDDT - ****started****
15:22:33.622 [main] INFO  testCases.TC003_LoginDDT - ***finished***
15:22:33.625 [main] INFO  testCases.TC003_LoginDDT - ****started****
15:22:35.504 [main] INFO  testCases.TC003_LoginDDT - ***finished***
15:22:35.505 [main] INFO  testCases.TC003_LoginDDT - ****started****
15:22:37.588 [main] INFO  testCases.TC003_LoginDDT - ***finished***
13:08:02.048 [main] INFO  testCases.TC001_AccountRegistrationTest1 - starting
13:08:02.208 [main] INFO  testCases.TC001_AccountRegistrationTest1 - cliked my account
13:08:02.668 [main] INFO  testCases.TC001_AccountRegistrationTest1 - clickedmyregister
13:08:02.668 [main] INFO  testCases.TC001_AccountRegistrationTest1 - providing details
13:08:04.070 [main] ERROR testCases.TC001_AccountRegistrationTest1 - test failed
13:08:04.070 [main] INFO  testCases.TC001_AccountRegistrationTest1 - ending
13:08:10.312 [main] INFO  testCases.TC002_LoginTest - ***starting***
